{"timestamp": "2026-01-15T09:55:56.636267", "action": "RESERVE_TICKET", "user_id": "customer@example.com", "ip": null, "details": {"ticket_id": 1, "session_id": 2, "row": "A", "number": 1, "price": 11111.0, "email": "customer@example.com"}}
{"timestamp": "2026-01-15T09:55:56.672035", "action": "RESERVE_TICKET", "user_id": "customer@example.com", "ip": null, "details": {"ticket_id": 2, "session_id": 2, "row": "A", "number": 2, "price": 11111.0, "email": "customer@example.com"}}
{"timestamp": "2026-01-15T09:55:56.705627", "action": "RESERVE_TICKET", "user_id": "customer@example.com", "ip": null, "details": {"ticket_id": 3, "session_id": 2, "row": "A", "number": 3, "price": 11111.0, "email": "customer@example.com"}}
{"timestamp": "2026-01-15T09:55:56.740637", "action": "RESERVE_TICKET", "user_id": "customer@example.com", "ip": null, "details": {"ticket_id": 4, "session_id": 2, "row": "A", "number": 4, "price": 11111.0, "email": "customer@example.com"}}
{"timestamp": "2026-01-15T09:55:56.786033", "action": "CANCEL_TICKET", "user_id": "customer@example.com", "ip": null, "details": {"ticket_id": 1, "session_id": 2, "row": "A", "number": 1, "price": 11111.0, "email": "customer@example.com"}}
{"timestamp": "2026-01-15T09:55:56.801051", "action": "CANCEL_TICKET", "user_id": "customer@example.com", "ip": null, "details": {"ticket_id": 2, "session_id": 2, "row": "A", "number": 2, "price": 11111.0, "email": "customer@example.com"}}
{"timestamp": "2026-01-15T09:55:56.814865", "action": "CANCEL_TICKET", "user_id": "customer@example.com", "ip": null, "details": {"ticket_id": 3, "session_id": 2, "row": "A", "number": 3, "price": 11111.0, "email": "customer@example.com"}}
{"timestamp": "2026-01-15T09:55:56.828241", "action": "CANCEL_TICKET", "user_id": "customer@example.com", "ip": null, "details": {"ticket_id": 4, "session_id": 2, "row": "A", "number": 4, "price": 11111.0, "email": "customer@example.com"}}
{"timestamp": "2026-01-15T09:55:56.835047", "action": "BULK_PAYMENT_FAILED", "user_id": "customer@example.com", "ip": null, "details": {"ticket_ids": [1, 2, 3, 4], "total_amount": 44444.0, "email": "customer@example.com", "cancelled_tickets": [1, 2, 3, 4]}}
{"timestamp": "2026-01-15T09:55:59.587763", "action": "RESERVE_TICKET", "user_id": "customer@example.com", "ip": null, "details": {"ticket_id": 5, "session_id": 2, "row": "A", "number": 1, "price": 11111.0, "email": "customer@example.com"}}
{"timestamp": "2026-01-15T09:55:59.622716", "action": "RESERVE_TICKET", "user_id": "customer@example.com", "ip": null, "details": {"ticket_id": 6, "session_id": 2, "row": "A", "number": 2, "price": 11111.0, "email": "customer@example.com"}}
{"timestamp": "2026-01-15T09:55:59.655139", "action": "RESERVE_TICKET", "user_id": "customer@example.com", "ip": null, "details": {"ticket_id": 7, "session_id": 2, "row": "A", "number": 3, "price": 11111.0, "email": "customer@example.com"}}
{"timestamp": "2026-01-15T09:55:59.688762", "action": "RESERVE_TICKET", "user_id": "customer@example.com", "ip": null, "details": {"ticket_id": 8, "session_id": 2, "row": "A", "number": 4, "price": 11111.0, "email": "customer@example.com"}}
{"timestamp": "2026-01-15T09:55:59.719484", "action": "CANCEL_TICKET", "user_id": "customer@example.com", "ip": null, "details": {"ticket_id": 5, "session_id": 2, "row": "A", "number": 1, "price": 11111.0, "email": "customer@example.com"}}
{"timestamp": "2026-01-15T09:55:59.732482", "action": "CANCEL_TICKET", "user_id": "customer@example.com", "ip": null, "details": {"ticket_id": 6, "session_id": 2, "row": "A", "number": 2, "price": 11111.0, "email": "customer@example.com"}}
{"timestamp": "2026-01-15T09:55:59.746020", "action": "CANCEL_TICKET", "user_id": "customer@example.com", "ip": null, "details": {"ticket_id": 7, "session_id": 2, "row": "A", "number": 3, "price": 11111.0, "email": "customer@example.com"}}
{"timestamp": "2026-01-15T09:55:59.760395", "action": "CANCEL_TICKET", "user_id": "customer@example.com", "ip": null, "details": {"ticket_id": 8, "session_id": 2, "row": "A", "number": 4, "price": 11111.0, "email": "customer@example.com"}}
{"timestamp": "2026-01-15T09:55:59.766448", "action": "BULK_PAYMENT_FAILED", "user_id": "customer@example.com", "ip": null, "details": {"ticket_ids": [5, 6, 7, 8], "total_amount": 44444.0, "email": "customer@example.com", "cancelled_tickets": [5, 6, 7, 8]}}
{"timestamp": "2026-01-15T09:56:02.145923", "action": "RESERVE_TICKET", "user_id": "customer@example.com", "ip": null, "details": {"ticket_id": 9, "session_id": 2, "row": "A", "number": 1, "price": 11111.0, "email": "customer@example.com"}}
{"timestamp": "2026-01-15T09:56:02.178477", "action": "CANCEL_TICKET", "user_id": "customer@example.com", "ip": null, "details": {"ticket_id": 9, "session_id": 2, "row": "A", "number": 1, "price": 11111.0, "email": "customer@example.com"}}
{"timestamp": "2026-01-15T09:56:02.183888", "action": "BULK_PAYMENT_FAILED", "user_id": "customer@example.com", "ip": null, "details": {"ticket_ids": [9], "total_amount": 11111.0, "email": "customer@example.com", "cancelled_tickets": [9]}}
{"timestamp": "2026-01-15T09:56:04.191164", "action": "RESERVE_TICKET", "user_id": "customer@example.com", "ip": null, "details": {"ticket_id": 10, "session_id": 2, "row": "A", "number": 1, "price": 11111.0, "email": "customer@example.com"}}
{"timestamp": "2026-01-15T09:56:04.218148", "action": "CONFIRM_TICKET", "user_id": "customer@example.com", "ip": null, "details": {"ticket_id": 10, "session_id": 2, "row": "A", "number": 1, "price": 11111.0, "email": "customer@example.com"}}
{"timestamp": "2026-01-15T09:56:04.236225", "action": "BULK_PAYMENT_SUCCESS", "user_id": "customer@example.com", "ip": null, "details": {"ticket_ids": [10], "total_amount": 11111.0, "email": "customer@example.com", "confirmed_tickets": [10]}}
{"timestamp": "2026-01-15T09:56:23.770538", "action": "DELETE_SESSION", "user_id": "admin", "ip": null, "details": {"session_id": 1, "movie_title": "???? ????? ?????? ??????????", "cinema_id": 1, "hall_id": 1, "start_time": "20:00"}}
{"timestamp": "2026-01-15T10:02:12.196734", "action": "DELETE_SESSION", "user_id": "admin", "ip": null, "details": {"session_id": 3, "movie_title": "????????? ???????? ????", "cinema_id": 1, "hall_id": 1, "start_time": "22:00"}}
{"timestamp": "2026-01-15T10:02:31.412425", "action": "RESERVE_TICKET", "user_id": "customer@example.com", "ip": null, "details": {"ticket_id": 11, "session_id": 5, "row": "B", "number": 3, "price": 666.0, "email": "customer@example.com"}}
{"timestamp": "2026-01-15T10:02:31.443831", "action": "RESERVE_TICKET", "user_id": "customer@example.com", "ip": null, "details": {"ticket_id": 12, "session_id": 5, "row": "B", "number": 4, "price": 666.0, "email": "customer@example.com"}}
{"timestamp": "2026-01-15T10:02:31.475330", "action": "RESERVE_TICKET", "user_id": "customer@example.com", "ip": null, "details": {"ticket_id": 13, "session_id": 5, "row": "B", "number": 5, "price": 666.0, "email": "customer@example.com"}}
{"timestamp": "2026-01-15T10:02:31.508367", "action": "CONFIRM_TICKET", "user_id": "customer@example.com", "ip": null, "details": {"ticket_id": 11, "session_id": 5, "row": "B", "number": 3, "price": 666.0, "email": "customer@example.com"}}
{"timestamp": "2026-01-15T10:02:31.516326", "action": "CONFIRM_TICKET", "user_id": "customer@example.com", "ip": null, "details": {"ticket_id": 12, "session_id": 5, "row": "B", "number": 4, "price": 666.0, "email": "customer@example.com"}}
{"timestamp": "2026-01-15T10:02:31.523958", "action": "CONFIRM_TICKET", "user_id": "customer@example.com", "ip": null, "details": {"ticket_id": 13, "session_id": 5, "row": "B", "number": 5, "price": 666.0, "email": "customer@example.com"}}
{"timestamp": "2026-01-15T10:02:31.539714", "action": "BULK_PAYMENT_SUCCESS", "user_id": "customer@example.com", "ip": null, "details": {"ticket_ids": [11, 12, 13], "total_amount": 1998.0, "email": "customer@example.com", "confirmed_tickets": [11, 12, 13]}}
{"timestamp": "2026-01-15T10:02:39.305517", "action": "CANCEL_TICKET", "user_id": "customer@example.com", "ip": null, "details": {"ticket_id": 10, "session_id": 2, "row": "A", "number": 1, "price": 11111.0, "email": "customer@example.com"}}
{"timestamp": "2026-01-15T10:02:39.315745", "action": "PAYMENT_REFUND", "user_id": "anonymous", "ip": null, "details": {"ticket_id": 10, "reason": "Возврат по просьбе пользователя"}}
{"timestamp": "2026-01-15T10:02:40.908795", "action": "CANCEL_TICKET", "user_id": "customer@example.com", "ip": null, "details": {"ticket_id": 12, "session_id": 5, "row": "B", "number": 4, "price": 666.0, "email": "customer@example.com"}}
{"timestamp": "2026-01-15T10:02:40.915534", "action": "PAYMENT_REFUND", "user_id": "anonymous", "ip": null, "details": {"ticket_id": 12, "reason": "Возврат по просьбе пользователя"}}
{"timestamp": "2026-01-15T10:02:42.460516", "action": "CANCEL_TICKET", "user_id": "customer@example.com", "ip": null, "details": {"ticket_id": 11, "session_id": 5, "row": "B", "number": 3, "price": 666.0, "email": "customer@example.com"}}
{"timestamp": "2026-01-15T10:02:42.495954", "action": "CANCEL_TICKET", "user_id": "customer@example.com", "ip": null, "details": {"ticket_id": 13, "session_id": 5, "row": "B", "number": 5, "price": 666.0, "email": "customer@example.com"}}
{"timestamp": "2026-01-15T10:03:00.386809", "action": "DELETE_SESSION", "user_id": "admin", "ip": null, "details": {"session_id": 2, "movie_title": "ТТТ", "cinema_id": 2, "hall_id": 3, "start_time": "12:00"}}
{"timestamp": "2026-01-15T10:03:08.853662", "action": "DELETE_SESSION", "user_id": "admin", "ip": null, "details": {"session_id": 4, "movie_title": "12", "cinema_id": 2, "hall_id": 3, "start_time": "14:00"}}
